<?xml version="1.0" encoding="UTF-8"?>
<!-- Generated by org.testng.reporters.JUnitReportReporter -->
<testsuite skipped="0" hostname="DESKTOP-447TPO6" name="com.tricentis.automation.Automobile" tests="2" failures="0" timestamp="2021-04-12T22:22:57 IST" time="0.017" errors="0">
  <testcase name="test2" time="0.003" classname="com.tricentis.automation.Automobile"/>
  <system-out/>
  <testcase name="test1" time="0.014" classname="com.tricentis.automation.Automobile"/>
  <system-out/>
</testsuite> <!-- com.tricentis.automation.Automobile -->
